{
  "RSpec": {
    "coverage": {
      "/Users/MightyMouse/Desktop/DevBootcamp/phase-3/final-project/medmento_final/medmento-api/config/environment.rb": [
        null,
        1,
        null,
        null,
        1
      ],
      "/Users/MightyMouse/Desktop/DevBootcamp/phase-3/final-project/medmento_final/medmento-api/config/application.rb": [
        1,
        null,
        null,
        1,
        1,
        1,
        1,
        1,
        1,
        null,
        null,
        null,
        null,
        1,
        null,
        1,
        1,
        null,
        null,
        null,
        null,
        null,
        null,
        null,
        null,
        null,
        null,
        null,
        null,
        1,
        1,
        1,
        1,
        null,
        null,
        null,
        null
      ],
      "/Users/MightyMouse/Desktop/DevBootcamp/phase-3/final-project/medmento_final/medmento-api/config/boot.rb": [
        null,
        1,
        null,
        1
      ],
      "/Users/MightyMouse/Desktop/DevBootcamp/phase-3/final-project/medmento_final/medmento-api/config/environments/test.rb": [
        1,
        null,
        null,
        null,
        null,
        null,
        null,
        1,
        null,
        null,
        null,
        null,
        1,
        null,
        null,
        1,
        1,
        null,
        null,
        1,
        1,
        null,
        null,
        1,
        null,
        null,
        1,
        null,
        null,
        null,
        null,
        1,
        null,
        null,
        1,
        null,
        null,
        null,
        null
      ],
      "/Users/MightyMouse/Desktop/DevBootcamp/phase-3/final-project/medmento_final/medmento-api/config/initializers/assets.rb": [
        null,
        null,
        null,
        1,
        null,
        null,
        null,
        null
      ],
      "/Users/MightyMouse/Desktop/DevBootcamp/phase-3/final-project/medmento_final/medmento-api/config/initializers/backtrace_silencers.rb": [
        null,
        null,
        null,
        null,
        null,
        null,
        null
      ],
      "/Users/MightyMouse/Desktop/DevBootcamp/phase-3/final-project/medmento_final/medmento-api/config/initializers/cookies_serializer.rb": [
        null,
        null,
        1
      ],
      "/Users/MightyMouse/Desktop/DevBootcamp/phase-3/final-project/medmento_final/medmento-api/config/initializers/filter_parameter_logging.rb": [
        null,
        null,
        null,
        1
      ],
      "/Users/MightyMouse/Desktop/DevBootcamp/phase-3/final-project/medmento_final/medmento-api/config/initializers/inflections.rb": [
        null,
        null,
        null,
        null,
        null,
        null,
        null,
        null,
        null,
        null,
        null,
        null,
        null,
        null,
        null,
        null
      ],
      "/Users/MightyMouse/Desktop/DevBootcamp/phase-3/final-project/medmento_final/medmento-api/config/initializers/mime_types.rb": [
        null,
        null,
        null,
        null
      ],
      "/Users/MightyMouse/Desktop/DevBootcamp/phase-3/final-project/medmento_final/medmento-api/config/initializers/session_store.rb": [
        null,
        null,
        1
      ],
      "/Users/MightyMouse/Desktop/DevBootcamp/phase-3/final-project/medmento_final/medmento-api/config/initializers/wrap_parameters.rb": [
        null,
        null,
        null,
        null,
        null,
        null,
        1,
        1,
        null,
        null,
        null,
        null,
        null,
        null
      ],
      "/Users/MightyMouse/Desktop/DevBootcamp/phase-3/final-project/medmento_final/medmento-api/config/routes.rb": [
        1,
        null,
        1,
        null,
        1,
        null,
        1,
        1,
        1,
        1,
        1,
        null,
        null,
        null,
        null,
        1,
        null,
        1,
        1,
        null,
        null
      ],
      "/Users/MightyMouse/Desktop/DevBootcamp/phase-3/final-project/medmento_final/medmento-api/app/helpers/application_helper.rb": [
        1,
        null
      ],
      "/Users/MightyMouse/Desktop/DevBootcamp/phase-3/final-project/medmento_final/medmento-api/app/helpers/events_helper.rb": [
        1,
        null
      ],
      "/Users/MightyMouse/Desktop/DevBootcamp/phase-3/final-project/medmento_final/medmento-api/app/helpers/users_helper.rb": [
        1,
        null
      ],
      "/Users/MightyMouse/Desktop/DevBootcamp/phase-3/final-project/medmento_final/medmento-api/app/helpers/webhooks_helper.rb": [
        1,
        null,
        1,
        0,
        null,
        null
      ],
      "/Users/MightyMouse/Desktop/DevBootcamp/phase-3/final-project/medmento_final/medmento-api/app/controllers/api/v1/clockwork_events_controller.rb": [
        1,
        1,
        1,
        1,
        null,
        1,
        2,
        null,
        null,
        1,
        2,
        2,
        4,
        null,
        null,
        null,
        1,
        0,
        null,
        null,
        1,
        0,
        null,
        null,
        1,
        0,
        null,
        null,
        1,
        1,
        2,
        null,
        null,
        null,
        null
      ],
      "/Users/MightyMouse/Desktop/DevBootcamp/phase-3/final-project/medmento_final/medmento-api/app/controllers/application_controller.rb": [
        1,
        null,
        null,
        null,
        1,
        null,
        1,
        null,
        null
      ],
      "/Users/MightyMouse/Desktop/DevBootcamp/phase-3/final-project/medmento_final/medmento-api/spec/api/users_spec.rb": [
        null,
        null,
        null,
        null,
        null,
        null,
        null,
        null,
        null,
        null,
        null,
        null,
        null,
        null,
        null
      ],
      "/Users/MightyMouse/Desktop/DevBootcamp/phase-3/final-project/medmento_final/medmento-api/spec/controllers/events_controller_spec.rb": [

      ],
      "/Users/MightyMouse/Desktop/DevBootcamp/phase-3/final-project/medmento_final/medmento-api/spec/controllers/users_controller_spec.rb": [

      ],
      "/Users/MightyMouse/Desktop/DevBootcamp/phase-3/final-project/medmento_final/medmento-api/spec/helpers/events_helper_spec.rb": [
        1,
        null,
        null,
        null,
        null,
        null,
        null,
        null,
        null,
        null,
        null,
        null,
        null,
        null,
        null
      ],
      "/Users/MightyMouse/Desktop/DevBootcamp/phase-3/final-project/medmento_final/medmento-api/spec/rails_helper.rb": [
        null,
        1,
        1,
        1,
        1,
        null,
        null,
        1,
        null,
        null,
        null,
        null,
        null,
        null,
        null,
        null,
        null,
        null,
        null,
        null,
        null,
        null,
        null,
        null,
        null,
        null,
        1,
        null,
        1,
        null,
        1,
        null,
        null,
        null,
        null,
        1,
        null,
        null,
        null,
        null,
        null,
        null,
        null,
        null,
        null,
        null,
        null,
        null,
        null,
        null,
        1,
        null
      ],
      "/Users/MightyMouse/Desktop/DevBootcamp/phase-3/final-project/medmento_final/medmento-api/db/schema.rb": [
        null,
        null,
        null,
        null,
        null,
        null,
        null,
        null,
        null,
        null,
        null,
        null,
        null,
        1,
        null,
        null,
        1,
        null,
        1,
        1,
        1,
        1,
        1,
        1,
        1,
        1,
        1,
        1,
        null,
        null,
        1,
        null,
        1,
        1,
        1,
        1,
        null,
        null,
        1,
        1,
        1,
        1,
        1,
        null,
        null,
        1,
        1,
        1,
        1,
        1,
        1,
        null,
        null,
        null
      ],
      "/Users/MightyMouse/Desktop/DevBootcamp/phase-3/final-project/medmento_final/medmento-api/spec/helpers/users_helper_spec.rb": [
        1,
        null,
        null,
        null,
        null,
        null,
        null,
        null,
        null,
        null,
        null,
        null,
        null,
        null,
        null
      ],
      "/Users/MightyMouse/Desktop/DevBootcamp/phase-3/final-project/medmento_final/medmento-api/spec/models/event_spec.rb": [
        null,
        null,
        null,
        null,
        null
      ],
      "/Users/MightyMouse/Desktop/DevBootcamp/phase-3/final-project/medmento_final/medmento-api/spec/models/painrating_spec.rb": [
        null,
        null,
        null,
        null,
        null
      ],
      "/Users/MightyMouse/Desktop/DevBootcamp/phase-3/final-project/medmento_final/medmento-api/spec/models/user_spec.rb": [
        null,
        null,
        null,
        null,
        null
      ],
      "/Users/MightyMouse/Desktop/DevBootcamp/phase-3/final-project/medmento_final/medmento-api/spec/sidekiq/sidekiq_spec.rb": [
        1,
        null,
        1,
        1,
        1,
        2,
        null,
        null,
        null,
        1,
        1,
        1,
        null,
        null,
        null
      ],
      "/Users/MightyMouse/Desktop/DevBootcamp/phase-3/final-project/medmento_final/medmento-api/app/models/clockwork_event.rb": [
        1,
        1,
        1,
        1,
        null,
        null,
        null,
        null,
        null,
        1,
        0,
        null,
        null
      ]
    },
    "timestamp": 1418759792
  }
}
